<?xml version="1.0" encoding="UTF-8"?>
<!-- Generated by org.testng.reporters.JUnitReportReporter -->
<testsuite hostname="DESKTOP-JUQ15IP" failures="0" tests="6" name="com.employeeapi.testCases.TC003_POST_User" time="0.021" errors="0" timestamp="2020-11-06T16:55:40 EST" skipped="0">
  <testcase classname="com.employeeapi.testCases.TC003_POST_User" name="checkResponseBody" time="0.015"/>
  <system-out/>
  <testcase classname="com.employeeapi.testCases.TC003_POST_User" name="checkStatusCode" time="0.002"/>
  <system-out/>
  <testcase classname="com.employeeapi.testCases.TC003_POST_User" name="checkStatusLine" time="0.001"/>
  <system-out/>
  <testcase classname="com.employeeapi.testCases.TC003_POST_User" name="checkContentType" time="0.001"/>
  <system-out/>
  <testcase classname="com.employeeapi.testCases.TC003_POST_User" name="checkServerType" time="0.001"/>
  <system-out/>
  <testcase classname="com.employeeapi.testCases.TC003_POST_User" name="checkContentEncoding" time="0.001"/>
  <system-out/>
</testsuite> <!-- com.employeeapi.testCases.TC003_POST_User -->
