<?xml version="1.0" encoding="UTF-8"?>
<!-- Generated by org.testng.reporters.JUnitReportReporter -->
<testsuite hostname="DESKTOP-JUQ15IP" failures="0" tests="7" name="com.employeeapi.testCases.TC001_GET_All_Employees" time="0.011" errors="0" timestamp="2020-11-06T16:55:40 EST" skipped="0">
  <testcase classname="com.employeeapi.testCases.TC001_GET_All_Employees" name="checkResponseBody" time="0.004"/>
  <system-out/>
  <testcase classname="com.employeeapi.testCases.TC001_GET_All_Employees" name="checkStatusCode" time="0.001"/>
  <system-out/>
  <testcase classname="com.employeeapi.testCases.TC001_GET_All_Employees" name="checkResponseTime" time="0.001"/>
  <system-out/>
  <testcase classname="com.employeeapi.testCases.TC001_GET_All_Employees" name="checkStatusLine" time="0.002"/>
  <system-out/>
  <testcase classname="com.employeeapi.testCases.TC001_GET_All_Employees" name="checkContentType" time="0.001"/>
  <system-out/>
  <testcase classname="com.employeeapi.testCases.TC001_GET_All_Employees" name="checkServerType" time="0.001"/>
  <system-out/>
  <testcase classname="com.employeeapi.testCases.TC001_GET_All_Employees" name="checkCookies" time="0.001"/>
  <system-out/>
</testsuite> <!-- com.employeeapi.testCases.TC001_GET_All_Employees -->
