<?xml version="1.0" encoding="UTF-8"?>
<!-- Generated by org.testng.reporters.JUnitReportReporter -->
<testsuite hostname="DESKTOP-JUQ15IP" failures="0" tests="3" name="com.employeeapi.testCases.TC004_PUT_Employee" time="0.003" errors="0" timestamp="2020-11-06T16:55:40 EST" skipped="0">
  <testcase classname="com.employeeapi.testCases.TC004_PUT_Employee" name="checkResponseBody" time="0.002"/>
  <system-out/>
  <testcase classname="com.employeeapi.testCases.TC004_PUT_Employee" name="checkStatusCode" time="0.001"/>
  <system-out/>
  <testcase classname="com.employeeapi.testCases.TC004_PUT_Employee" name="checkStatusLine" time="0.000"/>
  <system-out/>
</testsuite> <!-- com.employeeapi.testCases.TC004_PUT_Employee -->
